<?xml version="1.0" encoding="UTF-8"?>
<!-- Generated by org.testng.reporters.JUnitXMLReporter -->
<testsuite ignored="0" hostname="LAPTOP-DB80268K" failures="0" tests="3" name="Default test" time="6.496" errors="0" timestamp="24 Nov 2024 10:51:37 GMT">
  <testcase classname="fitpeoRun.TestClass" name="homepage" time="0.083"/>
  <testcase classname="fitpeoRun.TestClass" name="revenueCal" time="0.965"/>
  <testcase classname="fitpeoRun.TestClass" name="medicareEligiblePatients" time="0.293"/>
</testsuite> <!-- Default test -->
