<?xml version="1.0" encoding="UTF-8"?>
<!-- Generated by org.testng.reporters.JUnitXMLReporter -->
<testsuite ignored="0" hostname="LAPTOP-DB80268K" failures="0" tests="3" name="Test" time="271.674" errors="0" timestamp="26 Nov 2024 02:41:17 GMT">
  <testcase classname="fitpeoRun.TestClass" name="homepage" time="0.093"/>
  <testcase classname="fitpeoRun.TestClass" name="revenueCal" time="0.199"/>
  <testcase classname="fitpeoRun.TestClass" name="medicareEligiblePatients" time="264.371"/>
</testsuite> <!-- Test -->
