<?xml version="1.0" encoding="UTF-8"?>
<testng-results ignored="0" total="3" passed="3" failed="0" skipped="0">
  <reporter-output>
  </reporter-output>
  <suite started-at="2024-11-26T02:36:45Z" name="Suite" finished-at="2024-11-26T02:41:17Z" duration-ms="271674">
    <groups>
    </groups>
    <test started-at="2024-11-26T02:36:45Z" name="Test" finished-at="2024-11-26T02:41:17Z" duration-ms="271674">
      <class name="fitpeoRun.TestClass">
        <test-method is-config="true" signature="setUp()[pri:0, instance:fitpeoRun.TestClass@710636b0]" started-at="2024-11-26T02:36:45Z" name="setUp" finished-at="2024-11-26T02:36:52Z" duration-ms="6957" status="PASS">
          <reporter-output>
          </reporter-output>
        </test-method> <!-- setUp -->
        <test-method signature="homepage()[pri:0, instance:fitpeoRun.TestClass@710636b0]" started-at="2024-11-26T02:36:52Z" name="homepage" finished-at="2024-11-26T02:36:52Z" duration-ms="93" status="PASS">
          <reporter-output>
          </reporter-output>
        </test-method> <!-- homepage -->
        <test-method signature="revenueCal()[pri:1, instance:fitpeoRun.TestClass@710636b0]" started-at="2024-11-26T02:36:52Z" name="revenueCal" finished-at="2024-11-26T02:36:53Z" duration-ms="199" status="PASS">
          <reporter-output>
          </reporter-output>
        </test-method> <!-- revenueCal -->
        <test-method signature="medicareEligiblePatients()[pri:2, instance:fitpeoRun.TestClass@710636b0]" started-at="2024-11-26T02:36:53Z" name="medicareEligiblePatients" finished-at="2024-11-26T02:41:17Z" duration-ms="264371" status="PASS">
          <reporter-output>
          </reporter-output>
        </test-method> <!-- medicareEligiblePatients -->
        <test-method is-config="true" signature="tearDown()[pri:0, instance:fitpeoRun.TestClass@710636b0]" started-at="2024-11-26T02:41:17Z" name="tearDown" finished-at="2024-11-26T02:41:17Z" duration-ms="1" status="PASS">
          <reporter-output>
          </reporter-output>
        </test-method> <!-- tearDown -->
      </class> <!-- fitpeoRun.TestClass -->
    </test> <!-- Test -->
  </suite> <!-- Suite -->
</testng-results>
