<?xml version="1.0" encoding="UTF-8"?>
<testng-results ignored="0" total="3" passed="3" failed="0" skipped="0">
  <reporter-output>
  </reporter-output>
  <suite started-at="2024-11-24T10:51:31Z" name="Default suite" finished-at="2024-11-24T10:51:37Z" duration-ms="6496">
    <groups>
    </groups>
    <test started-at="2024-11-24T10:51:31Z" name="Default test" finished-at="2024-11-24T10:51:37Z" duration-ms="6496">
      <class name="fitpeoRun.TestClass">
        <test-method is-config="true" signature="setUp()[pri:0, instance:fitpeoRun.TestClass@5b799640]" started-at="2024-11-24T10:51:31Z" name="setUp" finished-at="2024-11-24T10:51:36Z" duration-ms="5125" status="PASS">
          <reporter-output>
          </reporter-output>
        </test-method> <!-- setUp -->
        <test-method signature="homepage()[pri:0, instance:fitpeoRun.TestClass@5b799640]" started-at="2024-11-24T10:51:36Z" name="homepage" finished-at="2024-11-24T10:51:36Z" duration-ms="83" status="PASS">
          <reporter-output>
          </reporter-output>
        </test-method> <!-- homepage -->
        <test-method signature="revenueCal()[pri:1, instance:fitpeoRun.TestClass@5b799640]" started-at="2024-11-24T10:51:36Z" name="revenueCal" finished-at="2024-11-24T10:51:37Z" duration-ms="965" status="PASS">
          <reporter-output>
          </reporter-output>
        </test-method> <!-- revenueCal -->
        <test-method signature="medicareEligiblePatients()[pri:2, instance:fitpeoRun.TestClass@5b799640]" started-at="2024-11-24T10:51:37Z" name="medicareEligiblePatients" finished-at="2024-11-24T10:51:37Z" duration-ms="293" status="PASS">
          <reporter-output>
          </reporter-output>
        </test-method> <!-- medicareEligiblePatients -->
        <test-method is-config="true" signature="tearDown()[pri:0, instance:fitpeoRun.TestClass@5b799640]" started-at="2024-11-24T10:51:37Z" name="tearDown" finished-at="2024-11-24T10:51:37Z" duration-ms="0" status="PASS">
          <reporter-output>
          </reporter-output>
        </test-method> <!-- tearDown -->
      </class> <!-- fitpeoRun.TestClass -->
    </test> <!-- Default test -->
  </suite> <!-- Default suite -->
</testng-results>
